#
# There is insufficient memory for the Java Runtime Environment to continue.
# Native memory allocation (malloc) failed to allocate 1060176 bytes for Chunk::new
# Possible reasons:
#   The system is out of physical RAM or swap space
#   The process is running with CompressedOops enabled, and the Java Heap may be blocking the growth of the native heap
# Possible solutions:
#   Reduce memory load on the system
#   Increase physical memory or swap space
#   Check if swap backing store is full
#   Decrease Java heap size (-Xmx/-Xms)
#   Decrease number of Java threads
#   Decrease Java thread stack sizes (-Xss)
#   Set larger code cache with -XX:ReservedCodeCacheSize=
#   JVM is running with Unscaled Compressed Oops mode in which the Java heap is
#     placed in the first 4GB address space. The Java Heap base address is the
#     maximum limit for the native heap growth. Please use -XX:HeapBaseMinAddress
#     to set the Java Heap base and to place the Java Heap above 4GB virtual address.
# This output file may be truncated or incomplete.
#
#  Out of Memory Error (allocation.cpp:389), pid=19672, tid=0x0000000000002784
#
# JRE version: OpenJDK Runtime Environment (8.0_242-b01) (build 1.8.0_242-release-1644-b01)
# Java VM: OpenJDK 64-Bit Server VM (25.242-b01 mixed mode windows-amd64 compressed oops)
# Failed to write core dump. Minidumps are not enabled by default on client versions of Windows
#

---------------  T H R E A D  ---------------

Current thread (0x0000000018695800):  JavaThread "C2 CompilerThread1" daemon [_thread_in_native, id=10116, stack(0x0000000018f90000,0x0000000019090000)]

Stack: [0x0000000018f90000,0x0000000019090000]
[error occurred during error reporting (printing stack bounds), id 0xc0000005]

Native frames: (J=compiled Java code, j=interpreted, Vv=VM code, C=native code)


Current CompileTask:
C2:9534762 26027       4       com.android.ide.common.resources.NodeUtils::duplicateNode (315 bytes)


---------------  P R O C E S S  ---------------

Java Threads: ( => current thread )
  0x000000001e68f800 JavaThread "Cache worker for execution history cache (C:\OPT\android\OCR-Penguin\OCR-Penguin\.gradle\6.1.1\executionHistory)" [_thread_blocked, id=13220, stack(0x00000000283c0000,0x00000000284c0000)]
  0x000000001b1ca000 JavaThread "Execution worker for ':' Thread 7" [_thread_in_Java, id=16100, stack(0x00000000282c0000,0x00000000283c0000)]
  0x0000000020649000 JavaThread "Execution worker for ':' Thread 6" [_thread_blocked, id=19972, stack(0x00000000281c0000,0x00000000282c0000)]
  0x000000002064b800 JavaThread "Execution worker for ':' Thread 5" [_thread_blocked, id=13712, stack(0x00000000280c0000,0x00000000281c0000)]
  0x000000002064a800 JavaThread "Execution worker for ':' Thread 4" [_thread_blocked, id=5544, stack(0x00000000279c0000,0x0000000027ac0000)]
  0x000000002064a000 JavaThread "Execution worker for ':' Thread 3" [_thread_blocked, id=9960, stack(0x0000000026480000,0x0000000026580000)]
  0x000000002064c000 JavaThread "Execution worker for ':' Thread 2" [_thread_blocked, id=15108, stack(0x0000000025d80000,0x0000000025e80000)]
  0x000000001d3f3000 JavaThread "Execution worker for ':'" [_thread_blocked, id=20004, stack(0x0000000025a80000,0x0000000025b80000)]
  0x000000001d3f2800 JavaThread "Cache worker for file content cache (C:\OPT\android\OCR-Penguin\OCR-Penguin\.gradle\6.1.1\fileContent)" [_thread_blocked, id=16532, stack(0x0000000025780000,0x0000000025880000)]
  0x000000001d3f1800 JavaThread "Cache worker for Build Output Cleanup Cache (C:\OPT\android\OCR-Penguin\OCR-Penguin\.gradle\buildOutputCleanup)" [_thread_blocked, id=3688, stack(0x0000000024c30000,0x0000000024d30000)]
  0x000000001d3f1000 JavaThread "pool-11-thread-1" [_thread_blocked, id=13744, stack(0x0000000024a30000,0x0000000024b30000)]
  0x000000001e68e800 JavaThread "Build operations Thread 8" [_thread_blocked, id=10972, stack(0x0000000024730000,0x0000000024830000)]
  0x000000001e687000 JavaThread "Build operations Thread 7" [_thread_blocked, id=18308, stack(0x0000000023c30000,0x0000000023d30000)]
  0x000000001e68e000 JavaThread "Build operations Thread 6" [_thread_blocked, id=3972, stack(0x0000000023930000,0x0000000023a30000)]
  0x000000001e68d000 JavaThread "Build operations Thread 5" [_thread_blocked, id=13168, stack(0x0000000023430000,0x0000000023530000)]
  0x000000001d3f0000 JavaThread "Build operations Thread 4" [_thread_blocked, id=7256, stack(0x0000000023330000,0x0000000023430000)]
  0x000000001d3ee000 JavaThread "Build operations Thread 3" [_thread_blocked, id=17200, stack(0x0000000023230000,0x0000000023330000)]
  0x000000001d3ef800 JavaThread "Build operations Thread 2" [_thread_blocked, id=17492, stack(0x0000000023130000,0x0000000023230000)]
  0x000000001d3ee800 JavaThread "Build operations" [_thread_blocked, id=16680, stack(0x0000000023030000,0x0000000023130000)]
  0x000000001d3ed000 JavaThread "Cache worker for cache directory md-rule (C:\Users\030mp\.gradle\caches\6.1.1\md-rule)" [_thread_blocked, id=14784, stack(0x00000000209f0000,0x0000000020af0000)]
  0x000000001d3ec800 JavaThread "Cache worker for cache directory md-supplier (C:\Users\030mp\.gradle\caches\6.1.1\md-supplier)" [_thread_blocked, id=8548, stack(0x00000000207f0000,0x00000000208f0000)]
  0x000000002ab22800 JavaThread "Cache worker for file hash cache (C:\OPT\android\OCR-Penguin\OCR-Penguin\.gradle\6.1.1\fileHashes)" [_thread_blocked, id=18188, stack(0x00000000206f0000,0x00000000207f0000)]
  0x000000002ab24800 JavaThread "Cache worker for checksums cache (C:\OPT\android\OCR-Penguin\OCR-Penguin\.gradle\checksums)" [_thread_blocked, id=14536, stack(0x000000001f5b0000,0x000000001f6b0000)]
  0x000000002ab23000 JavaThread "Thread-176" [_thread_blocked, id=3956, stack(0x000000001f4b0000,0x000000001f5b0000)]
  0x000000002ab24000 JavaThread "Asynchronous log dispatcher for DefaultDaemonConnection: socket connection from /127.0.0.1:57527 to /127.0.0.1:61672" [_thread_blocked, id=10960, stack(0x000000001c710000,0x000000001c810000)]
  0x0000000020200800 JavaThread "Daemon worker Thread 6" [_thread_blocked, id=20064, stack(0x000000001c610000,0x000000001c710000)]
  0x000000001b559800 JavaThread "Cancel handler" [_thread_blocked, id=16548, stack(0x000000001c510000,0x000000001c610000)]
  0x000000001b55b800 JavaThread "Handler for socket connection from /127.0.0.1:57527 to /127.0.0.1:61672" [_thread_in_native, id=8408, stack(0x000000001c210000,0x000000001c310000)]
  0x00000000201fe800 JavaThread "Daemon Thread 6" [_thread_blocked, id=18236, stack(0x0000000000a90000,0x0000000000b90000)]
  0x000000001b322000 JavaThread "Cache worker for Java compile cache (C:\Users\030mp\.gradle\caches\6.1.1\javaCompile)" [_thread_blocked, id=7776, stack(0x0000000024b30000,0x0000000024c30000)]
  0x000000001b321800 JavaThread "MarlinRenderer Disposer" daemon [_thread_blocked, id=18016, stack(0x0000000027bc0000,0x0000000027cc0000)]
  0x000000001b323800 JavaThread "Java2D Disposer" daemon [_thread_blocked, id=13988, stack(0x0000000027ac0000,0x0000000027bc0000)]
  0x0000000019d06000 JavaThread "Cache worker for file content cache (C:\Users\030mp\.gradle\caches\6.1.1\fileContent)" [_thread_blocked, id=10176, stack(0x0000000024630000,0x0000000024730000)]
  0x0000000019d07800 JavaThread "Memory manager" [_thread_blocked, id=15332, stack(0x0000000024530000,0x0000000024630000)]
  0x000000001a0c4800 JavaThread "Cache worker for execution history cache (C:\Users\030mp\.gradle\caches\6.1.1\executionHistory)" [_thread_blocked, id=4708, stack(0x00000000208f0000,0x00000000209f0000)]
  0x000000001a0c0800 JavaThread "Cache worker for file hash cache (C:\Users\030mp\.gradle\caches\6.1.1\fileHashes)" [_thread_blocked, id=8516, stack(0x000000001d010000,0x000000001d110000)]
  0x000000001a0c1800 JavaThread "File lock request listener" [_thread_in_native, id=19892, stack(0x000000001cf10000,0x000000001d010000)]
  0x000000001a57e800 JavaThread "Cache worker for journal cache (C:\Users\030mp\.gradle\caches\journal-1)" [_thread_blocked, id=5196, stack(0x000000001ce10000,0x000000001cf10000)]
  0x0000000019ffb800 JavaThread "Daemon periodic checks" [_thread_blocked, id=19864, stack(0x000000001c110000,0x000000001c210000)]
  0x0000000019a58800 JavaThread "Incoming local TCP Connector on port 57527" [_thread_in_native, id=14000, stack(0x000000001bf30000,0x000000001c030000)]
  0x000000001af53000 JavaThread "Daemon health stats" [_thread_blocked, id=14052, stack(0x000000001be30000,0x000000001bf30000)]
  0x000000001871d800 JavaThread "Service Thread" daemon [_thread_blocked, id=3152, stack(0x0000000019290000,0x0000000019390000)]
  0x00000000186a2000 JavaThread "C1 CompilerThread3" daemon [_thread_in_vm, id=2004, stack(0x0000000019190000,0x0000000019290000)]
  0x0000000018699800 JavaThread "C2 CompilerThread2" daemon [_thread_in_native, id=6040, stack(0x0000000019090000,0x0000000019190000)]
=>0x0000000018695800 JavaThread "C2 CompilerThread1" daemon [_thread_in_native, id=10116, stack(0x0000000018f90000,0x0000000019090000)]
  0x0000000018636000 JavaThread "C2 CompilerThread0" daemon [_thread_blocked, id=16404, stack(0x0000000018e90000,0x0000000018f90000)]
  0x0000000018634000 JavaThread "Attach Listener" daemon [_thread_blocked, id=19380, stack(0x0000000018d90000,0x0000000018e90000)]
  0x0000000018693000 JavaThread "Signal Dispatcher" daemon [_thread_blocked, id=11004, stack(0x0000000018c90000,0x0000000018d90000)]
  0x0000000018620800 JavaThread "Finalizer" daemon [_thread_blocked, id=11464, stack(0x0000000018b00000,0x0000000018c00000)]
  0x0000000002a59000 JavaThread "Reference Handler" daemon [_thread_blocked, id=12460, stack(0x0000000018a00000,0x0000000018b00000)]
  0x0000000002962800 JavaThread "main" [_thread_blocked, id=9172, stack(0x00000000027d0000,0x00000000028d0000)]

Other Threads:
  0x0000000016816000 VMThread [stack: 0x0000000018500000,0x0000000018600000] [id=4688]
  0x000000001871e800 WatcherThread [stack: 0x0000000019390000,0x0000000019490000] [id=9500]

VM state:not at safepoint (normal execution)

VM Mutex/Monitor currently owned by a thread: None

heap address: 0x00000000a0000000, size: 1536 MB, Compressed Oops mode: 32-bit
Narrow klass base: 0x0000000000000000, Narrow klass shift: 3
Compressed class space size: 1073741824 Address: 0x0000000100000000

Heap:
 PSYoungGen      total 375808K, used 115544K [0x00000000e0000000, 0x00000000f9a00000, 0x0000000100000000)
  eden space 344064K, 26% used [0x00000000e0000000,0x00000000e58583d8,0x00000000f5000000)
  from space 31744K, 79% used [0x00000000f5000000,0x00000000f687dce0,0x00000000f6f00000)
  to   space 33792K, 0% used [0x00000000f7900000,0x00000000f7900000,0x00000000f9a00000)
 ParOldGen       total 119808K, used 60226K [0x00000000a0000000, 0x00000000a7500000, 0x00000000e0000000)
  object space 119808K, 50% used [0x00000000a0000000,0x00000000a3ad0b58,0x00000000a7500000)
 Metaspace       used 113844K, capacity 119836K, committed 120192K, reserved 1153024K
  class space    used 14499K, capacity 15623K, committed 15744K, reserved 1048576K

Card table byte_map: [0x0000000011e20000,0x0000000012130000] byte_map_base: 0x0000000011920000

Marking Bits: (ParMarkBitMap*) 0x0000000075b2f030
 Begin Bits: [0x0000000012b30000, 0x0000000014330000)
 End Bits:   [0x0000000014330000, 0x0000000015b30000)

Polling page: 0x0000000000690000

CodeCache: size=245760Kb used=72269Kb max_used=72314Kb free=173490Kb
 bounds [0x0000000002a60000, 0x0000000007180000, 0x0000000011a60000]
 total_blobs=21300 nmethods=20230 adapters=978
 compilation: enabled

Compilation events (10 events):
Event: 9496.590 Thread 0x0000000018699800 26022       4       com.google.gson.stream.JsonWriter::value (24 bytes)
Event: 9496.597 Thread 0x0000000018699800 nmethod 26022 0x00000000033ea550 code [0x00000000033ea6c0, 0x00000000033ea7d0]
Event: 9497.403 Thread 0x00000000186a2000 26023       3       java.io.FileOutputStream::<init> (7 bytes)
Event: 9497.405 Thread 0x00000000186a2000 nmethod 26023 0x00000000033ea1d0 code [0x00000000033ea340, 0x00000000033ea4c8]
Event: 9521.445 Thread 0x0000000018636000 26025       4       com.sun.org.apache.xerces.internal.dom.CoreDocumentImpl::createElement (47 bytes)
Event: 9528.378 Thread 0x0000000018695800 26027       4       com.android.ide.common.resources.NodeUtils::duplicateNode (315 bytes)
Event: 9530.211 Thread 0x0000000018636000 nmethod 26025 0x00000000033e9910 code [0x00000000033e9a60, 0x00000000033e9e18]
Event: 9530.967 Thread 0x00000000186a2000 26026       3       com.android.ide.common.resources.ResourceFile::addExtraAttributes (33 bytes)
Event: 9531.759 Thread 0x00000000186a2000 nmethod 26026 0x0000000003a0f690 code [0x0000000003a0f820, 0x0000000003a0fc28]
Event: 9532.279 Thread 0x0000000018699800 26028       4       com.android.ide.common.resources.ResourceMergerItem::getDetailsXml (9 bytes)

GC Heap History (10 events):
Event: 289.227 GC heap before
{Heap before GC invocations=41 (full 4):
 PSYoungGen      total 348160K, used 328688K [0x00000000e0000000, 0x00000000f7280000, 0x0000000100000000)
  eden space 317952K, 100% used [0x00000000e0000000,0x00000000f3680000,0x00000000f3680000)
  from space 30208K, 35% used [0x00000000f5500000,0x00000000f5f7c038,0x00000000f7280000)
  to   space 30720K, 0% used [0x00000000f3680000,0x00000000f3680000,0x00000000f5480000)
 ParOldGen       total 119808K, used 59356K [0x00000000a0000000, 0x00000000a7500000, 0x00000000e0000000)
  object space 119808K, 49% used [0x00000000a0000000,0x00000000a39f7098,0x00000000a7500000)
 Metaspace       used 95559K, capacity 99680K, committed 100992K, reserved 1136640K
  class space    used 12346K, capacity 13113K, committed 13440K, reserved 1048576K
Event: 289.247 GC heap after
Heap after GC invocations=41 (full 4):
 PSYoungGen      total 348672K, used 4688K [0x00000000e0000000, 0x00000000f8680000, 0x0000000100000000)
  eden space 317952K, 0% used [0x00000000e0000000,0x00000000e0000000,0x00000000f3680000)
  from space 30720K, 15% used [0x00000000f3680000,0x00000000f3b14040,0x00000000f5480000)
  to   space 31232K, 0% used [0x00000000f6800000,0x00000000f6800000,0x00000000f8680000)
 ParOldGen       total 119808K, used 59356K [0x00000000a0000000, 0x00000000a7500000, 0x00000000e0000000)
  object space 119808K, 49% used [0x00000000a0000000,0x00000000a39f7098,0x00000000a7500000)
 Metaspace       used 95559K, capacity 99680K, committed 100992K, reserved 1136640K
  class space    used 12346K, capacity 13113K, committed 13440K, reserved 1048576K
}
Event: 297.310 GC heap before
{Heap before GC invocations=42 (full 4):
 PSYoungGen      total 348672K, used 322640K [0x00000000e0000000, 0x00000000f8680000, 0x0000000100000000)
  eden space 317952K, 100% used [0x00000000e0000000,0x00000000f3680000,0x00000000f3680000)
  from space 30720K, 15% used [0x00000000f3680000,0x00000000f3b14040,0x00000000f5480000)
  to   space 31232K, 0% used [0x00000000f6800000,0x00000000f6800000,0x00000000f8680000)
 ParOldGen       total 119808K, used 59356K [0x00000000a0000000, 0x00000000a7500000, 0x00000000e0000000)
  object space 119808K, 49% used [0x00000000a0000000,0x00000000a39f7098,0x00000000a7500000)
 Metaspace       used 96315K, capacity 100546K, committed 101632K, reserved 1136640K
  class space    used 12425K, capacity 13208K, committed 13568K, reserved 1048576K
Event: 297.354 GC heap after
Heap after GC invocations=42 (full 4):
 PSYoungGen      total 364544K, used 30745K [0x00000000e0000000, 0x00000000f8b80000, 0x0000000100000000)
  eden space 333312K, 0% used [0x00000000e0000000,0x00000000e0000000,0x00000000f4580000)
  from space 31232K, 98% used [0x00000000f6800000,0x00000000f8606408,0x00000000f8680000)
  to   space 35328K, 0% used [0x00000000f4580000,0x00000000f4580000,0x00000000f6800000)
 ParOldGen       total 119808K, used 59364K [0x00000000a0000000, 0x00000000a7500000, 0x00000000e0000000)
  object space 119808K, 49% used [0x00000000a0000000,0x00000000a39f9098,0x00000000a7500000)
 Metaspace       used 96315K, capacity 100546K, committed 101632K, reserved 1136640K
  class space    used 12425K, capacity 13208K, committed 13568K, reserved 1048576K
}
Event: 1375.110 GC heap before
{Heap before GC invocations=43 (full 4):
 PSYoungGen      total 364544K, used 364057K [0x00000000e0000000, 0x00000000f8b80000, 0x0000000100000000)
  eden space 333312K, 100% used [0x00000000e0000000,0x00000000f4580000,0x00000000f4580000)
  from space 31232K, 98% used [0x00000000f6800000,0x00000000f8606408,0x00000000f8680000)
  to   space 35328K, 0% used [0x00000000f4580000,0x00000000f4580000,0x00000000f6800000)
 ParOldGen       total 119808K, used 59364K [0x00000000a0000000, 0x00000000a7500000, 0x00000000e0000000)
  object space 119808K, 49% used [0x00000000a0000000,0x00000000a39f9098,0x00000000a7500000)
 Metaspace       used 103830K, capacity 108548K, committed 109056K, reserved 1144832K
  class space    used 13241K, capacity 14119K, committed 14336K, reserved 1048576K
Event: 1375.771 GC heap after
Heap after GC invocations=43 (full 4):
 PSYoungGen      total 368640K, used 15870K [0x00000000e0000000, 0x00000000f9500000, 0x0000000100000000)
  eden space 333312K, 0% used [0x00000000e0000000,0x00000000e0000000,0x00000000f4580000)
  from space 35328K, 44% used [0x00000000f4580000,0x00000000f54ff9f0,0x00000000f6800000)
  to   space 33792K, 0% used [0x00000000f7400000,0x00000000f7400000,0x00000000f9500000)
 ParOldGen       total 119808K, used 59372K [0x00000000a0000000, 0x00000000a7500000, 0x00000000e0000000)
  object space 119808K, 49% used [0x00000000a0000000,0x00000000a39fb098,0x00000000a7500000)
 Metaspace       used 103830K, capacity 108548K, committed 109056K, reserved 1144832K
  class space    used 13241K, capacity 14119K, committed 14336K, reserved 1048576K
}
Event: 8371.161 GC heap before
{Heap before GC invocations=44 (full 4):
 PSYoungGen      total 368640K, used 349182K [0x00000000e0000000, 0x00000000f9500000, 0x0000000100000000)
  eden space 333312K, 100% used [0x00000000e0000000,0x00000000f4580000,0x00000000f4580000)
  from space 35328K, 44% used [0x00000000f4580000,0x00000000f54ff9f0,0x00000000f6800000)
  to   space 33792K, 0% used [0x00000000f7400000,0x00000000f7400000,0x00000000f9500000)
 ParOldGen       total 119808K, used 59372K [0x00000000a0000000, 0x00000000a7500000, 0x00000000e0000000)
  object space 119808K, 49% used [0x00000000a0000000,0x00000000a39fb098,0x00000000a7500000)
 Metaspace       used 106149K, capacity 111496K, committed 111616K, reserved 1146880K
  class space    used 13504K, capacity 14492K, committed 14592K, reserved 1048576K
Event: 8371.674 GC heap after
Heap after GC invocations=44 (full 4):
 PSYoungGen      total 370688K, used 16579K [0x00000000e0000000, 0x00000000f8e00000, 0x0000000100000000)
  eden space 344064K, 0% used [0x00000000e0000000,0x00000000e0000000,0x00000000f5000000)
  from space 26624K, 62% used [0x00000000f7400000,0x00000000f8430e38,0x00000000f8e00000)
  to   space 31744K, 0% used [0x00000000f5000000,0x00000000f5000000,0x00000000f6f00000)
 ParOldGen       total 119808K, used 59380K [0x00000000a0000000, 0x00000000a7500000, 0x00000000e0000000)
  object space 119808K, 49% used [0x00000000a0000000,0x00000000a39fd098,0x00000000a7500000)
 Metaspace       used 106149K, capacity 111496K, committed 111616K, reserved 1146880K
  class space    used 13504K, capacity 14492K, committed 14592K, reserved 1048576K
}
Event: 9476.386 GC heap before
{Heap before GC invocations=45 (full 4):
 PSYoungGen      total 370688K, used 360643K [0x00000000e0000000, 0x00000000f8e00000, 0x0000000100000000)
  eden space 344064K, 100% used [0x00000000e0000000,0x00000000f5000000,0x00000000f5000000)
  from space 26624K, 62% used [0x00000000f7400000,0x00000000f8430e38,0x00000000f8e00000)
  to   space 31744K, 0% used [0x00000000f5000000,0x00000000f5000000,0x00000000f6f00000)
 ParOldGen       total 119808K, used 59380K [0x00000000a0000000, 0x00000000a7500000, 0x00000000e0000000)
  object space 119808K, 49% used [0x00000000a0000000,0x00000000a39fd098,0x00000000a7500000)
 Metaspace       used 113799K, capacity 119836K, committed 120192K, reserved 1153024K
  class space    used 14499K, capacity 15623K, committed 15744K, reserved 1048576K
Event: 9478.074 GC heap after
Heap after GC invocations=45 (full 4):
 PSYoungGen      total 375808K, used 25079K [0x00000000e0000000, 0x00000000f9a00000, 0x0000000100000000)
  eden space 344064K, 0% used [0x00000000e0000000,0x00000000e0000000,0x00000000f5000000)
  from space 31744K, 79% used [0x00000000f5000000,0x00000000f687dce0,0x00000000f6f00000)
  to   space 33792K, 0% used [0x00000000f7900000,0x00000000f7900000,0x00000000f9a00000)
 ParOldGen       total 119808K, used 60226K [0x00000000a0000000, 0x00000000a7500000, 0x00000000e0000000)
  object space 119808K, 50% used [0x00000000a0000000,0x00000000a3ad0b58,0x00000000a7500000)
 Metaspace       used 113799K, capacity 119836K, committed 120192K, reserved 1153024K
  class space    used 14499K, capacity 15623K, committed 15744K, reserved 1048576K
}

Deoptimization events (10 events):
Event: 9473.594 Thread 0x0000000020200800 Uncommon trap: reason=class_check action=maybe_recompile pc=0x000000000555834c method=org.gradle.tooling.internal.provider.runner.SubtreeFilteringBuildOperationListener.started(Lorg/gradle/internal/operations/BuildOperationDescriptor;Lorg/gradle/internal/
Event: 9474.792 Thread 0x0000000020200800 Uncommon trap: reason=class_check action=maybe_recompile pc=0x00000000053f1088 method=org.gradle.tooling.internal.provider.runner.SubtreeFilteringBuildOperationListener.finished(Lorg/gradle/internal/operations/BuildOperationDescriptor;Lorg/gradle/internal
Event: 9474.800 Thread 0x0000000020200800 Uncommon trap: reason=class_check action=maybe_recompile pc=0x000000000555834c method=org.gradle.tooling.internal.provider.runner.SubtreeFilteringBuildOperationListener.started(Lorg/gradle/internal/operations/BuildOperationDescriptor;Lorg/gradle/internal/
Event: 9475.121 Thread 0x0000000020200800 Uncommon trap: reason=null_check action=make_not_entrant pc=0x000000000639b020 method=org.gradle.api.internal.collections.CollectionFilter.filter(Ljava/lang/Object;)Ljava/lang/Object; @ 5
Event: 9475.318 Thread 0x0000000020200800 Uncommon trap: reason=class_check action=maybe_recompile pc=0x00000000053f1088 method=org.gradle.tooling.internal.provider.runner.SubtreeFilteringBuildOperationListener.finished(Lorg/gradle/internal/operations/BuildOperationDescriptor;Lorg/gradle/internal
Event: 9490.131 Thread 0x000000001b1ca000 Uncommon trap: reason=bimorphic action=maybe_recompile pc=0x0000000004898d60 method=com.google.common.collect.Maps.safeGet(Ljava/util/Map;Ljava/lang/Object;)Ljava/lang/Object; @ 7
Event: 9490.215 Thread 0x000000001b1ca000 Uncommon trap: reason=bimorphic action=maybe_recompile pc=0x0000000004898d60 method=com.google.common.collect.Maps.safeGet(Ljava/util/Map;Ljava/lang/Object;)Ljava/lang/Object; @ 7
Event: 9490.215 Thread 0x000000001b1ca000 Uncommon trap: reason=bimorphic action=maybe_recompile pc=0x0000000004898d60 method=com.google.common.collect.Maps.safeGet(Ljava/util/Map;Ljava/lang/Object;)Ljava/lang/Object; @ 7
Event: 9490.215 Thread 0x000000001b1ca000 Uncommon trap: reason=bimorphic action=maybe_recompile pc=0x0000000004898d60 method=com.google.common.collect.Maps.safeGet(Ljava/util/Map;Ljava/lang/Object;)Ljava/lang/Object; @ 7
Event: 9492.217 Thread 0x000000001b1ca000 Uncommon trap: reason=bimorphic action=maybe_recompile pc=0x0000000002eac610 method=java.util.ComparableTimSort.mergeLo(IIII)V @ 184

Classes redefined (0 events):
No events

Internal exceptions (10 events):
Event: 9118.309 Thread 0x000000001f0d5000 Exception <a 'java/lang/NoSuchMethodError': <clinit>> (0x00000000edd89e50) thrown at [C:\src\AOSP-openjdk-git\hotspot\src\share\vm\prims\jni.cpp, line 1615]
Event: 9118.358 Thread 0x000000001f0d5000 Exception <a 'java/lang/NoSuchMethodError': <clinit>> (0x00000000edd9d4a8) thrown at [C:\src\AOSP-openjdk-git\hotspot\src\share\vm\prims\jni.cpp, line 1615]
Event: 9118.390 Thread 0x000000001e68e800 Exception <a 'sun/nio/fs/WindowsException'> (0x00000000ede77e50) thrown at [C:\src\AOSP-openjdk-git\hotspot\src\share\vm\prims\jni.cpp, line 710]
Event: 9136.731 Thread 0x000000001feb8000 Implicit null exception at 0x0000000006c2af17 to 0x0000000006c2bbed
Event: 9148.947 Thread 0x000000001feb8000 Exception <a 'java/lang/reflect/InvocationTargetException'> (0x00000000f2b899f8) thrown at [C:\src\AOSP-openjdk-git\hotspot\src\share\vm\runtime\reflection.cpp, line 1092]
Event: 9173.272 Thread 0x000000001f0d5000 Exception <a 'java/lang/NoSuchMethodError': <clinit>> (0x00000000eea2ab38) thrown at [C:\src\AOSP-openjdk-git\hotspot\src\share\vm\prims\jni.cpp, line 1615]
Event: 9178.665 Thread 0x000000001f0d5000 Exception <a 'java/lang/NoSuchMethodError': <clinit>> (0x00000000eea3aaa0) thrown at [C:\src\AOSP-openjdk-git\hotspot\src\share\vm\prims\jni.cpp, line 1615]
Event: 9181.668 Thread 0x000000001e68e800 Exception <a 'sun/nio/fs/WindowsException'> (0x00000000ee825700) thrown at [C:\src\AOSP-openjdk-git\hotspot\src\share\vm\prims\jni.cpp, line 710]
Event: 9474.890 Thread 0x0000000020200800 Exception <a 'sun/nio/fs/WindowsException'> (0x00000000f3ff06b0) thrown at [C:\src\AOSP-openjdk-git\hotspot\src\share\vm\prims\jni.cpp, line 710]
Event: 9475.120 Thread 0x0000000020200800 Implicit null exception at 0x000000000639aedf to 0x000000000639b00d

Events (10 events):
Event: 9492.218 Thread 0x000000001b1ca000 DEOPT PACKING pc=0x0000000002eac610 sp=0x00000000283baae0
Event: 9492.222 Thread 0x000000001b1ca000 DEOPT UNPACKING pc=0x0000000002aa557b sp=0x00000000283baad8 mode 2
Event: 9493.620 Thread 0x0000000018699800 flushing nmethod 0x0000000002f240d0
Event: 9494.282 Thread 0x00000000186a2000 flushing nmethod 0x0000000003a0e110
Event: 9494.599 Thread 0x00000000186a2000 flushing nmethod 0x00000000041c9790
Event: 9494.609 Thread 0x00000000186a2000 flushing nmethod 0x00000000042078d0
Event: 9500.946 Thread 0x00000000186a2000 flushing nmethod 0x00000000066e1350
Event: 9534.479 Executing VM operation: RevokeBias
Event: 9534.564 Executing VM operation: RevokeBias done
Event: 9534.565 Thread 0x000000002ab21800 Thread exited: 0x000000002ab21800


Dynamic libraries:
0x00007ff792130000 - 0x00007ff792161000 	C:\Program Files\Android\Android Studio\jre\bin\java.exe
0x00007ffd16540000 - 0x00007ffd16730000 	C:\WINDOWS\SYSTEM32\ntdll.dll
0x00007ffd158a0000 - 0x00007ffd15952000 	C:\WINDOWS\System32\KERNEL32.DLL
0x00007ffd13c80000 - 0x00007ffd13f24000 	C:\WINDOWS\System32\KERNELBASE.dll
0x00007ffd16450000 - 0x00007ffd164f3000 	C:\WINDOWS\System32\ADVAPI32.dll
0x00007ffd15190000 - 0x00007ffd1522e000 	C:\WINDOWS\System32\msvcrt.dll
0x00007ffd16380000 - 0x00007ffd16417000 	C:\WINDOWS\System32\sechost.dll
0x00007ffd15310000 - 0x00007ffd15430000 	C:\WINDOWS\System32\RPCRT4.dll
0x00007ffd14ff0000 - 0x00007ffd15185000 	C:\WINDOWS\System32\USER32.dll
0x00007ffd134c0000 - 0x00007ffd134e1000 	C:\WINDOWS\System32\win32u.dll
0x00007ffd15b70000 - 0x00007ffd15b96000 	C:\WINDOWS\System32\GDI32.dll
0x00007ffd142e0000 - 0x00007ffd14476000 	C:\WINDOWS\System32\gdi32full.dll
0x00007ffd140b0000 - 0x00007ffd1414e000 	C:\WINDOWS\System32\msvcp_win.dll
0x00007ffd13f80000 - 0x00007ffd1407a000 	C:\WINDOWS\System32\ucrtbase.dll
0x00007ffd01b40000 - 0x00007ffd01dc4000 	C:\WINDOWS\WinSxS\amd64_microsoft.windows.common-controls_6595b64144ccf1df_6.0.18362.1016_none_9e7a36bbe461dae4\COMCTL32.dll
0x00007ffd147e0000 - 0x00007ffd14b15000 	C:\WINDOWS\System32\combase.dll
0x00007ffd14150000 - 0x00007ffd141d0000 	C:\WINDOWS\System32\bcryptPrimitives.dll
0x00007ffd16420000 - 0x00007ffd1644e000 	C:\WINDOWS\System32\IMM32.DLL
0x0000000075e00000 - 0x0000000075ed2000 	C:\Program Files\Android\Android Studio\jre\jre\bin\msvcr100.dll
0x0000000075360000 - 0x0000000075bab000 	C:\Program Files\Android\Android Studio\jre\jre\bin\server\jvm.dll
0x00007ffd145f0000 - 0x00007ffd145f8000 	C:\WINDOWS\System32\PSAPI.DLL
0x00007ffd026f0000 - 0x00007ffd02714000 	C:\WINDOWS\SYSTEM32\WINMM.dll
0x00007ffd0d6c0000 - 0x00007ffd0d6ca000 	C:\WINDOWS\SYSTEM32\VERSION.dll
0x00007ffd034d0000 - 0x00007ffd034fd000 	C:\WINDOWS\SYSTEM32\WINMMBASE.dll
0x00007ffd13f30000 - 0x00007ffd13f7a000 	C:\WINDOWS\System32\cfgmgr32.dll
0x00007ffd0efe0000 - 0x00007ffd0efe9000 	C:\WINDOWS\SYSTEM32\WSOCK32.dll
0x00007ffd152a0000 - 0x00007ffd1530f000 	C:\WINDOWS\System32\WS2_32.dll
0x00007ffd0efa0000 - 0x00007ffd0efaf000 	C:\Program Files\Android\Android Studio\jre\jre\bin\verify.dll
0x00007ffd09ec0000 - 0x00007ffd09ee9000 	C:\Program Files\Android\Android Studio\jre\jre\bin\java.dll
0x00007ffd0e8b0000 - 0x00007ffd0e8c6000 	C:\Program Files\Android\Android Studio\jre\jre\bin\zip.dll
0x00007ffd15c10000 - 0x00007ffd162f7000 	C:\WINDOWS\System32\SHELL32.dll
0x00007ffd15960000 - 0x00007ffd15a09000 	C:\WINDOWS\System32\shcore.dll
0x00007ffd134f0000 - 0x00007ffd13c72000 	C:\WINDOWS\System32\windows.storage.dll
0x00007ffd13470000 - 0x00007ffd13493000 	C:\WINDOWS\System32\profapi.dll
0x00007ffd13400000 - 0x00007ffd1344a000 	C:\WINDOWS\System32\powrprof.dll
0x00007ffd133f0000 - 0x00007ffd13400000 	C:\WINDOWS\System32\UMPDC.dll
0x00007ffd14f90000 - 0x00007ffd14fe2000 	C:\WINDOWS\System32\shlwapi.dll
0x00007ffd13450000 - 0x00007ffd13461000 	C:\WINDOWS\System32\kernel.appcore.dll
0x00007ffd14480000 - 0x00007ffd14497000 	C:\WINDOWS\System32\cryptsp.dll
0x00007ffd0d4f0000 - 0x00007ffd0d50a000 	C:\Program Files\Android\Android Studio\jre\jre\bin\net.dll
0x00007ffd12c50000 - 0x00007ffd12cb7000 	C:\WINDOWS\system32\mswsock.dll
0x00007ffd09e60000 - 0x00007ffd09e73000 	C:\Program Files\Android\Android Studio\jre\jre\bin\nio.dll
0x00007ffd0d380000 - 0x00007ffd0d3a6000 	C:\Users\030mp\.gradle\native\31\windows-amd64\native-platform.dll
0x00007ffd0ec80000 - 0x00007ffd0ec8d000 	C:\Program Files\Android\Android Studio\jre\jre\bin\management.dll
0x00007ffd127c0000 - 0x00007ffd127f3000 	C:\WINDOWS\system32\rsaenh.dll
0x00007ffd14080000 - 0x00007ffd140a6000 	C:\WINDOWS\System32\bcrypt.dll
0x00007ffd13310000 - 0x00007ffd13335000 	C:\WINDOWS\SYSTEM32\USERENV.dll
0x00007ffd12e20000 - 0x00007ffd12e2c000 	C:\WINDOWS\SYSTEM32\CRYPTBASE.dll
0x00007ffd12960000 - 0x00007ffd1299a000 	C:\WINDOWS\SYSTEM32\IPHLPAPI.DLL
0x00007ffd15a10000 - 0x00007ffd15a18000 	C:\WINDOWS\System32\NSI.dll
0x00007ffd0a040000 - 0x00007ffd0a056000 	C:\WINDOWS\SYSTEM32\dhcpcsvc6.DLL
0x00007ffd0a390000 - 0x00007ffd0a3ac000 	C:\WINDOWS\SYSTEM32\dhcpcsvc.DLL
0x00007ffd129a0000 - 0x00007ffd12a6b000 	C:\WINDOWS\SYSTEM32\DNSAPI.dll
0x00007ffd082a0000 - 0x00007ffd082c4000 	C:\Program Files\Android\Android Studio\jre\jre\bin\sunec.dll
0x00007ffd0d600000 - 0x00007ffd0d60a000 	C:\Windows\System32\rasadhlp.dll
0x00007ffd09a00000 - 0x00007ffd09a77000 	C:\WINDOWS\System32\fwpuclnt.dll
0x00007ffd0ec60000 - 0x00007ffd0ec6b000 	C:\Program Files\Android\Android Studio\jre\jre\bin\sunmscapi.dll
0x00007ffd144a0000 - 0x00007ffd145e9000 	C:\WINDOWS\System32\CRYPT32.dll
0x00007ffd134a0000 - 0x00007ffd134b2000 	C:\WINDOWS\System32\MSASN1.dll
0x00007ffcd9530000 - 0x00007ffcd96cc000 	C:\Program Files\Android\Android Studio\jre\jre\bin\awt.dll
0x00007ffd15a40000 - 0x00007ffd15b05000 	C:\WINDOWS\System32\OLEAUT32.dll
0x00007ffd11c90000 - 0x00007ffd11cbd000 	C:\WINDOWS\SYSTEM32\dwmapi.dll
0x00007ffd10190000 - 0x00007ffd10750000 	C:\WINDOWS\SYSTEM32\d2d1.dll
0x00007ffd11650000 - 0x00007ffd116df000 	C:\WINDOWS\SYSTEM32\apphelp.dll
0x00007ffd11750000 - 0x00007ffd117e9000 	C:\WINDOWS\system32\uxtheme.dll

VM Arguments:
jvm_args: -Xmx1536m -Dfile.encoding=x-windows-949 -Duser.country=KR -Duser.language=ko -Duser.variant 
java_command: org.gradle.launcher.daemon.bootstrap.GradleDaemon 6.1.1
java_class_path (initial): C:\Users\030mp\.gradle\wrapper\dists\gradle-6.1.1-all\cfmwm155h49vnt3hynmlrsdst\gradle-6.1.1\lib\gradle-launcher-6.1.1.jar
Launcher Type: SUN_STANDARD

Environment Variables:
JAVA_HOME=C:\Program Files\Java\jdk-11.0.4
PATH=C:\Program Files\NVIDIA GPU Computing Toolkit\CUDA\v10.1\bin;C:\Program Files\NVIDIA GPU Computing Toolkit\CUDA\v10.1\libnvvp;C:\Program Files\NVIDIA GPU Computing Toolkit\CUDA\v10.2\bin;C:\Program Files\NVIDIA GPU Computing Toolkit\CUDA\v10.2\libnvvp;C:\Program Files\Java\jdk-11.0.4\bin;C:\Program Files (x86)\Common Files\Oracle\Java\javapath;C:\Windows\system32;C:\Windows;C:\Windows\System32\Wbem;C:\Windows\System32\WindowsPowerShell\v1.0\;C:\Windows\System32\OpenSSH\;C:\Anaconda\Library\bin;C:\Anaconda\Scripts;C:\Program Files\PuTTY\;C:\Program Files\Git\cmd;C:\Program Files\Git LFS;C:\Program Files (x86)\NVIDIA Corporation\PhysX\Common;C:\Program Files\NVIDIA Corporation\NVIDIA NvDLISR;C:\CMake\bin;C:\Program Files\NVIDIA Corporation\Nsight Compute 2019.4.0\;C:\WINDOWS\system32;C:\WINDOWS;C:\WINDOWS\System32\Wbem;C:\WINDOWS\System32\WindowsPowerShell\v1.0\;C:\WINDOWS\System32\OpenSSH\;C:\Program Files\MySQL\MySQL Shell 8.0\bin\;C:\Program Files\Java\jdk-11.0.4;C:\apache-tomcat-9.0.31;C:\apache-tomcat-9.0.31bin;C:\Users\030mp\AppData\Local\Programs\Python\Python36\Scripts;C:\Program Files\JetBrains\PyCharm 2019.1.3\bin;C:\Anaconda\Scripts;C:\Users\030mp\AppData\Local\Programs\Python\Python36;C:\Anaconda\Library\bin;C:\Program Files\JetBrains\PyCharm Community Edition 2019.2\bin;C:\Program Files\Java\jdk-11.0.4\bin;C:\apache-tomcat-9.0.31\bin;;C:\Users\030mp\AppData\Local\Microsoft\WindowsApps;C:\Program Files (x86)\ESTsoft\ALSee\x64
USERNAME=030mp
OS=Windows_NT
PROCESSOR_IDENTIFIER=Intel64 Family 6 Model 142 Stepping 11, GenuineIntel



---------------  S Y S T E M  ---------------

OS: Windows 10.0 , 64 bit Build 18362 (10.0.18362.959)

CPU:total 8 (initial active 8) (4 cores per cpu, 2 threads per core) family 6 model 142 stepping 11, cmov, cx8, fxsr, mmx, sse, sse2, sse3, ssse3, sse4.1, sse4.2, popcnt, avx, avx2, aes, clmul, erms, 3dnowpref, lzcnt, ht, tsc, tscinvbit, bmi1, bmi2, adx

Memory: 4k page, physical 4078808k(121816k free), swap 16661720k(4184k free)

vm_info: OpenJDK 64-Bit Server VM (25.242-b01) for windows-amd64 JRE (1.8.0_242-release-1644-b01), built by "builder" with MS VC++ 10.0 (VS2010)

time: Fri Aug 28 19:02:30 2020
timezone: 대한민국 표준시
elapsed time: 9534 seconds (0d 2h 38m 54s)

